Build started 14/12/2015 12:19:04.
     1>Project "C:\Users\tcoutaz\Documents\TPReseau\CodeGamagora\Projects\GameTp4.vcxproj" on node 2 (Build target(s)).
     1>ClCompile:
         C:\Program Files (x86)\Microsoft Visual Studio 14.0\VC\bin\CL.exe /c /IC:\Users\tcoutaz\Documents\TPReseau\CodeGamagora\Sources\SFML\include\ /ZI /nologo /W4 /WX- /Od /Oy- /D SFML_STATIC /D _MBCS /D WIN32 /D _DEBUG /D _CONSOLE /D _CRT_SECURE_NO_WARNINGS /D _MBCS /Gm /EHsc /RTC1 /MDd /GS /fp:precise /Zc:wchar_t /Zc:forScope /Zc:inline /Fo"C:\Users\tcoutaz\Documents\TPReseau\CodeGamagora\Build\Game_Debug_x86\\" /Fd"C:\Users\tcoutaz\Documents\TPReseau\CodeGamagora\Build\Game_Debug_x86\vc140.pdb" /Gd /TP /analyze- /errorReport:prompt ..\Sources\tp4\Game.cpp
         Game.cpp
     1>c:\users\tcoutaz\documents\tpreseau\codegamagora\sources\tp4\animable.h(27): warning C4458: declaration of 'type' hides class member
         c:\users\tcoutaz\documents\tpreseau\codegamagora\sources\tp4\animable.h(26): note: see declaration of 'Animable::type'
     1>c:\users\tcoutaz\documents\tpreseau\codegamagora\sources\tp4\character.h(42): warning C4458: declaration of 'type' hides class member
         c:\users\tcoutaz\documents\tpreseau\codegamagora\sources\tp4\character.h(15): note: see declaration of 'Character::type'
     1>c:\users\tcoutaz\documents\tpreseau\codegamagora\sources\tp4\character.h(93): warning C4458: declaration of 'type' hides class member
         c:\users\tcoutaz\documents\tpreseau\codegamagora\sources\tp4\character.h(90): note: see declaration of 'Goomba::type'
     1>c:\users\tcoutaz\documents\tpreseau\codegamagora\sources\tp4\character.h(106): warning C4458: declaration of 'type' hides class member
         c:\users\tcoutaz\documents\tpreseau\codegamagora\sources\tp4\character.h(103): note: see declaration of 'Enemy::type'
     1>c:\users\tcoutaz\documents\tpreseau\codegamagora\sources\tp4\character.h(120): warning C4458: declaration of 'type' hides class member
         c:\users\tcoutaz\documents\tpreseau\codegamagora\sources\tp4\character.h(117): note: see declaration of 'DarkWarrior::type'
     1>c:\users\tcoutaz\documents\tpreseau\codegamagora\sources\tp4\item.h(14): warning C4458: declaration of 'type' hides class member
         c:\users\tcoutaz\documents\tpreseau\codegamagora\sources\tp4\item.h(11): note: see declaration of 'Item::type'
     1>c:\users\tcoutaz\documents\tpreseau\codegamagora\sources\tp4\bomb.h(13): warning C4458: declaration of 'type' hides class member
         c:\users\tcoutaz\documents\tpreseau\codegamagora\sources\tp4\bomb.h(11): note: see declaration of 'Bomb::type'
     1>c:\users\tcoutaz\documents\tpreseau\codegamagora\sources\tp4\player.h(20): warning C4458: declaration of 'type' hides class member
         c:\users\tcoutaz\documents\tpreseau\codegamagora\sources\tp4\player.h(17): note: see declaration of 'Player::type'
     1>c:\users\tcoutaz\documents\tpreseau\codegamagora\sources\tp4\player.h(47): warning C4458: declaration of 'type' hides class member
         c:\users\tcoutaz\documents\tpreseau\codegamagora\sources\tp4\player.h(44): note: see declaration of 'MageBlue::type'
     1>c:\users\tcoutaz\documents\tpreseau\codegamagora\sources\tp4\player.h(60): warning C4458: declaration of 'type' hides class member
         c:\users\tcoutaz\documents\tpreseau\codegamagora\sources\tp4\player.h(57): note: see declaration of 'Paladin::type'
     1>c:\users\tcoutaz\documents\tpreseau\codegamagora\sources\tp4\gameobjects.h(65): warning C4458: declaration of 'type' hides class member
         c:\users\tcoutaz\documents\tpreseau\codegamagora\sources\tp4\gameobjects.h(62): note: see declaration of 'Box1::type'
     1>c:\users\tcoutaz\documents\tpreseau\codegamagora\sources\tp4\gameobjects.h(78): warning C4458: declaration of 'type' hides class member
         c:\users\tcoutaz\documents\tpreseau\codegamagora\sources\tp4\gameobjects.h(75): note: see declaration of 'Box2::type'
     1>c:\users\tcoutaz\documents\tpreseau\codegamagora\sources\tp4\gameobjects.h(91): warning C4458: declaration of 'type' hides class member
         c:\users\tcoutaz\documents\tpreseau\codegamagora\sources\tp4\gameobjects.h(88): note: see declaration of 'Box3::type'
     1>c:\users\tcoutaz\documents\tpreseau\codegamagora\sources\tp4\gameobjects.h(104): warning C4458: declaration of 'type' hides class member
         c:\users\tcoutaz\documents\tpreseau\codegamagora\sources\tp4\gameobjects.h(101): note: see declaration of 'Coin::type'
     1>c:\users\tcoutaz\documents\tpreseau\codegamagora\sources\tp4\gameobjects.h(120): warning C4458: declaration of 'type' hides class member
         c:\users\tcoutaz\documents\tpreseau\codegamagora\sources\tp4\gameobjects.h(117): note: see declaration of 'Flower::type'
     1>c:\users\tcoutaz\documents\tpreseau\codegamagora\sources\tp4\gameobjects.h(133): warning C4458: declaration of 'type' hides class member
         c:\users\tcoutaz\documents\tpreseau\codegamagora\sources\tp4\gameobjects.h(130): note: see declaration of 'Live::type'
     1>c:\users\tcoutaz\documents\tpreseau\codegamagora\sources\tp4\gameobjects.h(146): warning C4458: declaration of 'type' hides class member
         c:\users\tcoutaz\documents\tpreseau\codegamagora\sources\tp4\gameobjects.h(143): note: see declaration of 'Star::type'
     1>c:\users\tcoutaz\documents\tpreseau\codegamagora\sources\tp4\gameobjects.h(159): warning C4458: declaration of 'type' hides class member
         c:\users\tcoutaz\documents\tpreseau\codegamagora\sources\tp4\gameobjects.h(156): note: see declaration of 'Up::type'
     1>c:\users\tcoutaz\documents\tpreseau\codegamagora\sources\tp4\game.cpp(181): warning C4457: declaration of 'entity' hides function parameter
         c:\users\tcoutaz\documents\tpreseau\codegamagora\sources\tp4\game.cpp(169): note: see declaration of 'entity'
       Link:
         C:\Program Files (x86)\Microsoft Visual Studio 14.0\VC\bin\link.exe /ERRORREPORT:PROMPT /OUT:"C:\Users\tcoutaz\Documents\TPReseau\CodeGamagora\Build\Game_Debug_x86\Game.exe" /INCREMENTAL /NOLOGO /LIBPATH:C:\Users\tcoutaz\Documents\TPReseau\CodeGamagora\Sources\SFML\lib_v140_x86 kernel32.lib user32.lib gdi32.lib winspool.lib comdlg32.lib advapi32.lib shell32.lib ole32.lib oleaut32.lib uuid.lib odbc32.lib odbccp32.lib /MANIFEST /MANIFESTUAC:"level='asInvoker' uiAccess='false'" /manifest:embed /Debug /PDB:"C:\Users\tcoutaz\Documents\TPReseau\CodeGamagora\Build\Game_Debug_x86\Game.pdb" /SUBSYSTEM:CONSOLE /TLBID:1 /DYNAMICBASE /NXCOMPAT /IMPLIB:"C:\Users\tcoutaz\Documents\TPReseau\CodeGamagora\Build\Game_Debug_x86\Game.lib" /MACHINE:X86 C:\Users\tcoutaz\Documents\TPReseau\CodeGamagora\Build\Game_Debug_x86\Animable.obj
         C:\Users\tcoutaz\Documents\TPReseau\CodeGamagora\Build\Game_Debug_x86\AnimatedSprite.obj
         C:\Users\tcoutaz\Documents\TPReseau\CodeGamagora\Build\Game_Debug_x86\Bomb.obj
         C:\Users\tcoutaz\Documents\TPReseau\CodeGamagora\Build\Game_Debug_x86\Character.obj
         C:\Users\tcoutaz\Documents\TPReseau\CodeGamagora\Build\Game_Debug_x86\ClientService.obj
         C:\Users\tcoutaz\Documents\TPReseau\CodeGamagora\Build\Game_Debug_x86\crc32.obj
         C:\Users\tcoutaz\Documents\TPReseau\CodeGamagora\Build\Game_Debug_x86\draw_ui.obj
         C:\Users\tcoutaz\Documents\TPReseau\CodeGamagora\Build\Game_Debug_x86\draw_utils.obj
         C:\Users\tcoutaz\Documents\TPReseau\CodeGamagora\Build\Game_Debug_x86\endianness.obj
         C:\Users\tcoutaz\Documents\TPReseau\CodeGamagora\Build\Game_Debug_x86\Entity.obj
         C:\Users\tcoutaz\Documents\TPReseau\CodeGamagora\Build\Game_Debug_x86\Game.obj
         C:\Users\tcoutaz\Documents\TPReseau\CodeGamagora\Build\Game_Debug_x86\GameObjects.obj
         C:\Users\tcoutaz\Documents\TPReseau\CodeGamagora\Build\Game_Debug_x86\game_datacontainer.obj
         C:\Users\tcoutaz\Documents\TPReseau\CodeGamagora\Build\Game_Debug_x86\ini.obj
         C:\Users\tcoutaz\Documents\TPReseau\CodeGamagora\Build\Game_Debug_x86\IPAddress.obj
         C:\Users\tcoutaz\Documents\TPReseau\CodeGamagora\Build\Game_Debug_x86\IPEndPoint.obj
         C:\Users\tcoutaz\Documents\TPReseau\CodeGamagora\Build\Game_Debug_x86\Item.obj
         C:\Users\tcoutaz\Documents\TPReseau\CodeGamagora\Build\Game_Debug_x86\Log.obj
         C:\Users\tcoutaz\Documents\TPReseau\CodeGamagora\Build\Game_Debug_x86\main_game.obj
         C:\Users\tcoutaz\Documents\TPReseau\CodeGamagora\Build\Game_Debug_x86\network.obj
         C:\Users\tcoutaz\Documents\TPReseau\CodeGamagora\Build\Game_Debug_x86\Player.obj
         C:\Users\tcoutaz\Documents\TPReseau\CodeGamagora\Build\Game_Debug_x86\ResourceManager.obj
         C:\Users\tcoutaz\Documents\TPReseau\CodeGamagora\Build\Game_Debug_x86\serializer.obj
         C:\Users\tcoutaz\Documents\TPReseau\CodeGamagora\Build\Game_Debug_x86\SessionService.obj
         C:\Users\tcoutaz\Documents\TPReseau\CodeGamagora\Build\Game_Debug_x86\session_datacontainer.obj
         C:\Users\tcoutaz\Documents\TPReseau\CodeGamagora\Build\Game_Debug_x86\SpriteSheet.obj
         C:\Users\tcoutaz\Documents\TPReseau\CodeGamagora\Build\Game_Debug_x86\StringId.obj
         C:\Users\tcoutaz\Documents\TPReseau\CodeGamagora\Build\Game_Debug_x86\Time.obj
         C:\Users\tcoutaz\Documents\TPReseau\CodeGamagora\Build\Game_Debug_x86\tinyxml2.obj
         C:\Users\tcoutaz\Documents\TPReseau\CodeGamagora\Build\Game_Debug_x86\types.obj
         C:\Users\tcoutaz\Documents\TPReseau\CodeGamagora\Build\Game_Debug_x86\UdpClient.obj
         C:\Users\tcoutaz\Documents\TPReseau\CodeGamagora\Build\Game_Debug_x86\Win32Console.obj
         C:\Users\tcoutaz\Documents\TPReseau\CodeGamagora\Build\Game_Debug_x86\World.obj
     1>sfml-system-s-d.lib(Clock.cpp.obj) : warning LNK4204: 'C:\Users\tcoutaz\Documents\TPReseau\CodeGamagora\Build\Game_Debug_x86\vc140.pdb' is missing debugging information for referencing module; linking object as if no debug info
     1>sfml-system-s-d.lib(Err.cpp.obj) : warning LNK4204: 'C:\Users\tcoutaz\Documents\TPReseau\CodeGamagora\Build\Game_Debug_x86\vc140.pdb' is missing debugging information for referencing module; linking object as if no debug info
     1>sfml-system-s-d.lib(Lock.cpp.obj) : warning LNK4204: 'C:\Users\tcoutaz\Documents\TPReseau\CodeGamagora\Build\Game_Debug_x86\vc140.pdb' is missing debugging information for referencing module; linking object as if no debug info
     1>sfml-system-s-d.lib(Mutex.cpp.obj) : warning LNK4204: 'C:\Users\tcoutaz\Documents\TPReseau\CodeGamagora\Build\Game_Debug_x86\vc140.pdb' is missing debugging information for referencing module; linking object as if no debug info
     1>sfml-system-s-d.lib(Sleep.cpp.obj) : warning LNK4204: 'C:\Users\tcoutaz\Documents\TPReseau\CodeGamagora\Build\Game_Debug_x86\vc140.pdb' is missing debugging information for referencing module; linking object as if no debug info
     1>sfml-system-s-d.lib(String.cpp.obj) : warning LNK4204: 'C:\Users\tcoutaz\Documents\TPReseau\CodeGamagora\Build\Game_Debug_x86\vc140.pdb' is missing debugging information for referencing module; linking object as if no debug info
     1>sfml-system-s-d.lib(ThreadLocal.cpp.obj) : warning LNK4204: 'C:\Users\tcoutaz\Documents\TPReseau\CodeGamagora\Build\Game_Debug_x86\vc140.pdb' is missing debugging information for referencing module; linking object as if no debug info
     1>sfml-system-s-d.lib(Time.cpp.obj) : warning LNK4204: 'C:\Users\tcoutaz\Documents\TPReseau\CodeGamagora\Build\Game_Debug_x86\vc140.pdb' is missing debugging information for referencing module; linking object as if no debug info
     1>sfml-system-s-d.lib(ClockImpl.cpp.obj) : warning LNK4204: 'C:\Users\tcoutaz\Documents\TPReseau\CodeGamagora\Build\Game_Debug_x86\vc140.pdb' is missing debugging information for referencing module; linking object as if no debug info
     1>sfml-system-s-d.lib(MutexImpl.cpp.obj) : warning LNK4204: 'C:\Users\tcoutaz\Documents\TPReseau\CodeGamagora\Build\Game_Debug_x86\vc140.pdb' is missing debugging information for referencing module; linking object as if no debug info
     1>sfml-system-s-d.lib(SleepImpl.cpp.obj) : warning LNK4204: 'C:\Users\tcoutaz\Documents\TPReseau\CodeGamagora\Build\Game_Debug_x86\vc140.pdb' is missing debugging information for referencing module; linking object as if no debug info
     1>sfml-system-s-d.lib(ThreadLocalImpl.cpp.obj) : warning LNK4204: 'C:\Users\tcoutaz\Documents\TPReseau\CodeGamagora\Build\Game_Debug_x86\vc140.pdb' is missing debugging information for referencing module; linking object as if no debug info
     1>sfml-window-s-d.lib(Context.cpp.obj) : warning LNK4204: 'C:\Users\tcoutaz\Documents\TPReseau\CodeGamagora\Build\Game_Debug_x86\vc140.pdb' is missing debugging information for referencing module; linking object as if no debug info
     1>sfml-window-s-d.lib(GlContext.cpp.obj) : warning LNK4204: 'C:\Users\tcoutaz\Documents\TPReseau\CodeGamagora\Build\Game_Debug_x86\vc140.pdb' is missing debugging information for referencing module; linking object as if no debug info
     1>sfml-window-s-d.lib(GlResource.cpp.obj) : warning LNK4204: 'C:\Users\tcoutaz\Documents\TPReseau\CodeGamagora\Build\Game_Debug_x86\vc140.pdb' is missing debugging information for referencing module; linking object as if no debug info
     1>sfml-window-s-d.lib(Joystick.cpp.obj) : warning LNK4204: 'C:\Users\tcoutaz\Documents\TPReseau\CodeGamagora\Build\Game_Debug_x86\vc140.pdb' is missing debugging information for referencing module; linking object as if no debug info
     1>sfml-window-s-d.lib(JoystickManager.cpp.obj) : warning LNK4204: 'C:\Users\tcoutaz\Documents\TPReseau\CodeGamagora\Build\Game_Debug_x86\vc140.pdb' is missing debugging information for referencing module; linking object as if no debug info
     1>sfml-window-s-d.lib(SensorManager.cpp.obj) : warning LNK4204: 'C:\Users\tcoutaz\Documents\TPReseau\CodeGamagora\Build\Game_Debug_x86\vc140.pdb' is missing debugging information for referencing module; linking object as if no debug info
     1>sfml-window-s-d.lib(VideoMode.cpp.obj) : warning LNK4204: 'C:\Users\tcoutaz\Documents\TPReseau\CodeGamagora\Build\Game_Debug_x86\vc140.pdb' is missing debugging information for referencing module; linking object as if no debug info
     1>sfml-window-s-d.lib(Window.cpp.obj) : warning LNK4204: 'C:\Users\tcoutaz\Documents\TPReseau\CodeGamagora\Build\Game_Debug_x86\vc140.pdb' is missing debugging information for referencing module; linking object as if no debug info
     1>sfml-window-s-d.lib(WindowImpl.cpp.obj) : warning LNK4204: 'C:\Users\tcoutaz\Documents\TPReseau\CodeGamagora\Build\Game_Debug_x86\vc140.pdb' is missing debugging information for referencing module; linking object as if no debug info
     1>sfml-window-s-d.lib(WglContext.cpp.obj) : warning LNK4204: 'C:\Users\tcoutaz\Documents\TPReseau\CodeGamagora\Build\Game_Debug_x86\vc140.pdb' is missing debugging information for referencing module; linking object as if no debug info
     1>sfml-window-s-d.lib(WglExtensions.cpp.obj) : warning LNK4204: 'C:\Users\tcoutaz\Documents\TPReseau\CodeGamagora\Build\Game_Debug_x86\vc140.pdb' is missing debugging information for referencing module; linking object as if no debug info
     1>sfml-window-s-d.lib(JoystickImpl.cpp.obj) : warning LNK4204: 'C:\Users\tcoutaz\Documents\TPReseau\CodeGamagora\Build\Game_Debug_x86\vc140.pdb' is missing debugging information for referencing module; linking object as if no debug info
     1>sfml-window-s-d.lib(SensorImpl.cpp.obj) : warning LNK4204: 'C:\Users\tcoutaz\Documents\TPReseau\CodeGamagora\Build\Game_Debug_x86\vc140.pdb' is missing debugging information for referencing module; linking object as if no debug info
     1>sfml-window-s-d.lib(VideoModeImpl.cpp.obj) : warning LNK4204: 'C:\Users\tcoutaz\Documents\TPReseau\CodeGamagora\Build\Game_Debug_x86\vc140.pdb' is missing debugging information for referencing module; linking object as if no debug info
     1>sfml-window-s-d.lib(WindowImplWin32.cpp.obj) : warning LNK4204: 'C:\Users\tcoutaz\Documents\TPReseau\CodeGamagora\Build\Game_Debug_x86\vc140.pdb' is missing debugging information for referencing module; linking object as if no debug info
     1>sfml-graphics-s-d.lib(BlendMode.cpp.obj) : warning LNK4204: 'C:\Users\tcoutaz\Documents\TPReseau\CodeGamagora\Build\Game_Debug_x86\vc140.pdb' is missing debugging information for referencing module; linking object as if no debug info
     1>sfml-graphics-s-d.lib(Color.cpp.obj) : warning LNK4204: 'C:\Users\tcoutaz\Documents\TPReseau\CodeGamagora\Build\Game_Debug_x86\vc140.pdb' is missing debugging information for referencing module; linking object as if no debug info
     1>sfml-graphics-s-d.lib(Font.cpp.obj) : warning LNK4204: 'C:\Users\tcoutaz\Documents\TPReseau\CodeGamagora\Build\Game_Debug_x86\vc140.pdb' is missing debugging information for referencing module; linking object as if no debug info
     1>sfml-graphics-s-d.lib(GLCheck.cpp.obj) : warning LNK4204: 'C:\Users\tcoutaz\Documents\TPReseau\CodeGamagora\Build\Game_Debug_x86\vc140.pdb' is missing debugging information for referencing module; linking object as if no debug info
     1>sfml-graphics-s-d.lib(GLExtensions.cpp.obj) : warning LNK4204: 'C:\Users\tcoutaz\Documents\TPReseau\CodeGamagora\Build\Game_Debug_x86\vc140.pdb' is missing debugging information for referencing module; linking object as if no debug info
     1>sfml-graphics-s-d.lib(Image.cpp.obj) : warning LNK4204: 'C:\Users\tcoutaz\Documents\TPReseau\CodeGamagora\Build\Game_Debug_x86\vc140.pdb' is missing debugging information for referencing module; linking object as if no debug info
     1>sfml-graphics-s-d.lib(ImageLoader.cpp.obj) : warning LNK4204: 'C:\Users\tcoutaz\Documents\TPReseau\CodeGamagora\Build\Game_Debug_x86\vc140.pdb' is missing debugging information for referencing module; linking object as if no debug info
     1>sfml-graphics-s-d.lib(RenderStates.cpp.obj) : warning LNK4204: 'C:\Users\tcoutaz\Documents\TPReseau\CodeGamagora\Build\Game_Debug_x86\vc140.pdb' is missing debugging information for referencing module; linking object as if no debug info
     1>sfml-graphics-s-d.lib(RenderTexture.cpp.obj) : warning LNK4204: 'C:\Users\tcoutaz\Documents\TPReseau\CodeGamagora\Build\Game_Debug_x86\vc140.pdb' is missing debugging information for referencing module; linking object as if no debug info
     1>sfml-graphics-s-d.lib(RenderTarget.cpp.obj) : warning LNK4204: 'C:\Users\tcoutaz\Documents\TPReseau\CodeGamagora\Build\Game_Debug_x86\vc140.pdb' is missing debugging information for referencing module; linking object as if no debug info
     1>sfml-graphics-s-d.lib(RenderWindow.cpp.obj) : warning LNK4204: 'C:\Users\tcoutaz\Documents\TPReseau\CodeGamagora\Build\Game_Debug_x86\vc140.pdb' is missing debugging information for referencing module; linking object as if no debug info
     1>sfml-graphics-s-d.lib(Shader.cpp.obj) : warning LNK4204: 'C:\Users\tcoutaz\Documents\TPReseau\CodeGamagora\Build\Game_Debug_x86\vc140.pdb' is missing debugging information for referencing module; linking object as if no debug info
     1>sfml-graphics-s-d.lib(Texture.cpp.obj) : warning LNK4204: 'C:\Users\tcoutaz\Documents\TPReseau\CodeGamagora\Build\Game_Debug_x86\vc140.pdb' is missing debugging information for referencing module; linking object as if no debug info
     1>sfml-graphics-s-d.lib(TextureSaver.cpp.obj) : warning LNK4204: 'C:\Users\tcoutaz\Documents\TPReseau\CodeGamagora\Build\Game_Debug_x86\vc140.pdb' is missing debugging information for referencing module; linking object as if no debug info
     1>sfml-graphics-s-d.lib(Transform.cpp.obj) : warning LNK4204: 'C:\Users\tcoutaz\Documents\TPReseau\CodeGamagora\Build\Game_Debug_x86\vc140.pdb' is missing debugging information for referencing module; linking object as if no debug info
     1>sfml-graphics-s-d.lib(Transformable.cpp.obj) : warning LNK4204: 'C:\Users\tcoutaz\Documents\TPReseau\CodeGamagora\Build\Game_Debug_x86\vc140.pdb' is missing debugging information for referencing module; linking object as if no debug info
     1>sfml-graphics-s-d.lib(View.cpp.obj) : warning LNK4204: 'C:\Users\tcoutaz\Documents\TPReseau\CodeGamagora\Build\Game_Debug_x86\vc140.pdb' is missing debugging information for referencing module; linking object as if no debug info
     1>sfml-graphics-s-d.lib(Vertex.cpp.obj) : warning LNK4204: 'C:\Users\tcoutaz\Documents\TPReseau\CodeGamagora\Build\Game_Debug_x86\vc140.pdb' is missing debugging information for referencing module; linking object as if no debug info
     1>sfml-graphics-s-d.lib(GLLoader.cpp.obj) : warning LNK4204: 'C:\Users\tcoutaz\Documents\TPReseau\CodeGamagora\Build\Game_Debug_x86\vc140.pdb' is missing debugging information for referencing module; linking object as if no debug info
     1>sfml-graphics-s-d.lib(Shape.cpp.obj) : warning LNK4204: 'C:\Users\tcoutaz\Documents\TPReseau\CodeGamagora\Build\Game_Debug_x86\vc140.pdb' is missing debugging information for referencing module; linking object as if no debug info
     1>sfml-graphics-s-d.lib(CircleShape.cpp.obj) : warning LNK4204: 'C:\Users\tcoutaz\Documents\TPReseau\CodeGamagora\Build\Game_Debug_x86\vc140.pdb' is missing debugging information for referencing module; linking object as if no debug info
     1>sfml-graphics-s-d.lib(RectangleShape.cpp.obj) : warning LNK4204: 'C:\Users\tcoutaz\Documents\TPReseau\CodeGamagora\Build\Game_Debug_x86\vc140.pdb' is missing debugging information for referencing module; linking object as if no debug info
     1>sfml-graphics-s-d.lib(Sprite.cpp.obj) : warning LNK4204: 'C:\Users\tcoutaz\Documents\TPReseau\CodeGamagora\Build\Game_Debug_x86\vc140.pdb' is missing debugging information for referencing module; linking object as if no debug info
     1>sfml-graphics-s-d.lib(Text.cpp.obj) : warning LNK4204: 'C:\Users\tcoutaz\Documents\TPReseau\CodeGamagora\Build\Game_Debug_x86\vc140.pdb' is missing debugging information for referencing module; linking object as if no debug info
     1>sfml-graphics-s-d.lib(VertexArray.cpp.obj) : warning LNK4204: 'C:\Users\tcoutaz\Documents\TPReseau\CodeGamagora\Build\Game_Debug_x86\vc140.pdb' is missing debugging information for referencing module; linking object as if no debug info
     1>sfml-graphics-s-d.lib(RenderTextureImpl.cpp.obj) : warning LNK4204: 'C:\Users\tcoutaz\Documents\TPReseau\CodeGamagora\Build\Game_Debug_x86\vc140.pdb' is missing debugging information for referencing module; linking object as if no debug info
     1>sfml-graphics-s-d.lib(RenderTextureImplFBO.cpp.obj) : warning LNK4204: 'C:\Users\tcoutaz\Documents\TPReseau\CodeGamagora\Build\Game_Debug_x86\vc140.pdb' is missing debugging information for referencing module; linking object as if no debug info
     1>sfml-graphics-s-d.lib(RenderTextureImplDefault.cpp.obj) : warning LNK4204: 'C:\Users\tcoutaz\Documents\TPReseau\CodeGamagora\Build\Game_Debug_x86\vc140.pdb' is missing debugging information for referencing module; linking object as if no debug info
         GameTp4.vcxproj -> C:\Users\tcoutaz\Documents\TPReseau\CodeGamagora\Build\Game_Debug_x86\Game.exe
       PostBuildEvent:
         COPY /Y "C:\Users\tcoutaz\Documents\TPReseau\CodeGamagora\Build\Game_Debug_x86\Game.exe" "C:\Users\tcoutaz\Documents\TPReseau\CodeGamagora\\Bin\Game_Debug_x86.exe
         :VCEnd
                 1 fichier(s) copié(s).
     1>Done Building Project "C:\Users\tcoutaz\Documents\TPReseau\CodeGamagora\Projects\GameTp4.vcxproj" (Build target(s)).

Build succeeded.

Time Elapsed 00:00:04.87
